\BOOKMARK [0][-]{chapter.1}{Simple traffic light}{}% 1
\BOOKMARK [1][-]{section.1.1}{Module}{chapter.1}% 2
\BOOKMARK [2][-]{subsection.1.1.1}{Feu de pi\351ton}{section.1.1}% 3
\BOOKMARK [2][-]{subsection.1.1.2}{Feu de voiture}{section.1.1}% 4
\BOOKMARK [1][-]{section.1.2}{Ex\351cution}{chapter.1}% 5
\BOOKMARK [1][-]{section.1.3}{Propri\351t\351}{chapter.1}% 6
\BOOKMARK [2][-]{subsection.1.3.1}{CTL}{section.1.3}% 7
\BOOKMARK [3][-]{subsubsection.1.3.1.1}{Propri\351t\351 de suret\351}{subsection.1.3.1}% 8
\BOOKMARK [3][-]{subsubsection.1.3.1.2}{Propri\351t\351 de vivacit\351}{subsection.1.3.1}% 9
\BOOKMARK [2][-]{subsection.1.3.2}{LTL}{section.1.3}% 10
\BOOKMARK [3][-]{subsubsection.1.3.2.1}{Propri\351t\351 de suret\351}{subsection.1.3.2}% 11
\BOOKMARK [3][-]{subsubsection.1.3.2.2}{Propri\351t\351 de vivacit\351}{subsection.1.3.2}% 12
\BOOKMARK [1][-]{section.1.4}{Test}{chapter.1}% 13
\BOOKMARK [2][-]{subsection.1.4.1}{CTL \046 LTL}{section.1.4}% 14
\BOOKMARK [3][-]{subsubsection.1.4.1.1}{Propri\351t\351 de suret\351}{subsection.1.4.1}% 15
\BOOKMARK [3][-]{subsubsection.1.4.1.2}{Propri\351t\351 de vivacit\351}{subsection.1.4.1}% 16
\BOOKMARK [0][-]{chapter.2}{Traffic light extension}{}% 17
\BOOKMARK [1][-]{section.2.1}{Module}{chapter.2}% 18
\BOOKMARK [2][-]{subsection.2.1.1}{Buton d'appel}{section.2.1}% 19
\BOOKMARK [2][-]{subsection.2.1.2}{Feu de voiture}{section.2.1}% 20
\BOOKMARK [1][-]{section.2.2}{Ex\351cution}{chapter.2}% 21
\BOOKMARK [2][-]{subsection.2.2.1}{Sans appel}{section.2.2}% 22
\BOOKMARK [2][-]{subsection.2.2.2}{Avec appel}{section.2.2}% 23
\BOOKMARK [1][-]{section.2.3}{Propri\351t\351}{chapter.2}% 24
\BOOKMARK [2][-]{subsection.2.3.1}{CTL}{section.2.3}% 25
\BOOKMARK [3][-]{subsubsection.2.3.1.1}{Propri\351t\351 de vivacit\351}{subsection.2.3.1}% 26
\BOOKMARK [2][-]{subsection.2.3.2}{LTL}{section.2.3}% 27
\BOOKMARK [3][-]{subsubsection.2.3.2.1}{Propri\351t\351 de vivacit\351}{subsection.2.3.2}% 28
\BOOKMARK [1][-]{section.2.4}{Test}{chapter.2}% 29
\BOOKMARK [2][-]{subsection.2.4.1}{CTL \046 LTL}{section.2.4}% 30
\BOOKMARK [3][-]{subsubsection.2.4.1.1}{Propri\351t\351 de vivacit\351}{subsection.2.4.1}% 31
